<?xml version="1.0" encoding="UTF-8"?>
<testng-results skipped="0" failed="0" total="1" passed="1">
  <reporter-output>
  </reporter-output>
  <suite name="Default suite" duration-ms="25" started-at="2017-10-16T04:49:41Z" finished-at="2017-10-16T04:49:41Z">
    <groups>
    </groups>
    <test name="Default test" duration-ms="25" started-at="2017-10-16T04:49:41Z" finished-at="2017-10-16T04:49:41Z">
      <class name="com.efkon.assignment.Oractise">
        <test-method status="PASS" signature="methidOne()[pri:0, instance:com.efkon.assignment.Oractise@396a51ab]" name="methidOne" duration-ms="10" started-at="2017-10-16T10:19:41Z" finished-at="2017-10-16T10:19:41Z">
          <reporter-output>
          </reporter-output>
        </test-method> <!-- methidOne -->
      </class> <!-- com.efkon.assignment.Oractise -->
    </test> <!-- Default test -->
  </suite> <!-- Default suite -->
</testng-results>
